[3.716s] Invoking command in '/home/blake/vesc-ros2/src/vesc_driver': DEBUGINFOD_URLS=https://debuginfod.ubuntu.com PYTHONPATH=/home/blake/vesc-ros2/build/vesc_driver/prefix_override:/usr/lib/python3/dist-packages/colcon_core/task/python/colcon_distutils_commands:/home/blake/vesc-ros2/install/vesc_driver/lib/python3.12/site-packages:${PYTHONPATH} /usr/bin/python3 -W ignore:setup.py install is deprecated -W ignore:easy_install command is deprecated setup.py egg_info --egg-base ../../build/vesc_driver build --build-base /home/blake/vesc-ros2/build/vesc_driver/build install --record /home/blake/vesc-ros2/build/vesc_driver/install.log --single-version-externally-managed install_data
[4.272s] running egg_info
[4.307s] writing ../../build/vesc_driver/vesc_driver.egg-info/PKG-INFO
[4.308s] writing dependency_links to ../../build/vesc_driver/vesc_driver.egg-info/dependency_links.txt
[4.308s] writing entry points to ../../build/vesc_driver/vesc_driver.egg-info/entry_points.txt
[4.308s] writing requirements to ../../build/vesc_driver/vesc_driver.egg-info/requires.txt
[4.309s] writing top-level names to ../../build/vesc_driver/vesc_driver.egg-info/top_level.txt
[4.373s] reading manifest file '../../build/vesc_driver/vesc_driver.egg-info/SOURCES.txt'
[4.374s] writing manifest file '../../build/vesc_driver/vesc_driver.egg-info/SOURCES.txt'
[4.374s] running build
[4.375s] running build_py
[4.375s] copying vesc_driver/vesc_motor_node.py -> /home/blake/vesc-ros2/build/vesc_driver/build/lib/vesc_driver
[4.375s] running install
[4.384s] running install_lib
[4.419s] copying /home/blake/vesc-ros2/build/vesc_driver/build/lib/vesc_driver/vesc_motor_node.py -> /home/blake/vesc-ros2/install/vesc_driver/lib/python3.12/site-packages/vesc_driver
[4.440s] byte-compiling /home/blake/vesc-ros2/install/vesc_driver/lib/python3.12/site-packages/vesc_driver/vesc_motor_node.py to vesc_motor_node.cpython-312.pyc
[4.444s] running install_data
[4.445s] running install_egg_info
[4.479s] removing '/home/blake/vesc-ros2/install/vesc_driver/lib/python3.12/site-packages/vesc_driver-0.0.0-py3.12.egg-info' (and everything under it)
[4.480s] Copying ../../build/vesc_driver/vesc_driver.egg-info to /home/blake/vesc-ros2/install/vesc_driver/lib/python3.12/site-packages/vesc_driver-0.0.0-py3.12.egg-info
[4.502s] running install_scripts
[4.710s] Installing vesc_diff_drive_node script to /home/blake/vesc-ros2/install/vesc_driver/lib/vesc_driver
[4.710s] Installing vesc_motor_node script to /home/blake/vesc-ros2/install/vesc_driver/lib/vesc_driver
[4.710s] Installing vesc_skid_steer_node script to /home/blake/vesc-ros2/install/vesc_driver/lib/vesc_driver
[4.711s] writing list of installed files to '/home/blake/vesc-ros2/build/vesc_driver/install.log'
[4.756s] Invoked command in '/home/blake/vesc-ros2/src/vesc_driver' returned '0': DEBUGINFOD_URLS=https://debuginfod.ubuntu.com PYTHONPATH=/home/blake/vesc-ros2/build/vesc_driver/prefix_override:/usr/lib/python3/dist-packages/colcon_core/task/python/colcon_distutils_commands:/home/blake/vesc-ros2/install/vesc_driver/lib/python3.12/site-packages:${PYTHONPATH} /usr/bin/python3 -W ignore:setup.py install is deprecated -W ignore:easy_install command is deprecated setup.py egg_info --egg-base ../../build/vesc_driver build --build-base /home/blake/vesc-ros2/build/vesc_driver/build install --record /home/blake/vesc-ros2/build/vesc_driver/install.log --single-version-externally-managed install_data
