running egg_info
creating ../../build/vesc_driver/vesc_driver.egg-info
writing ../../build/vesc_driver/vesc_driver.egg-info/PKG-INFO
writing dependency_links to ../../build/vesc_driver/vesc_driver.egg-info/dependency_links.txt
writing entry points to ../../build/vesc_driver/vesc_driver.egg-info/entry_points.txt
writing requirements to ../../build/vesc_driver/vesc_driver.egg-info/requires.txt
writing top-level names to ../../build/vesc_driver/vesc_driver.egg-info/top_level.txt
writing manifest file '../../build/vesc_driver/vesc_driver.egg-info/SOURCES.txt'
reading manifest file '../../build/vesc_driver/vesc_driver.egg-info/SOURCES.txt'
writing manifest file '../../build/vesc_driver/vesc_driver.egg-info/SOURCES.txt'
running build
running build_py
creating /home/blake/vesc-ros2/build/vesc_driver/build
creating /home/blake/vesc-ros2/build/vesc_driver/build/lib
creating /home/blake/vesc-ros2/build/vesc_driver/build/lib/vesc_driver
copying vesc_driver/vesc_skid_steer_node.py -> /home/blake/vesc-ros2/build/vesc_driver/build/lib/vesc_driver
copying vesc_driver/vesc_diff_drive_node.py -> /home/blake/vesc-ros2/build/vesc_driver/build/lib/vesc_driver
copying vesc_driver/vesc_motor_node.py -> /home/blake/vesc-ros2/build/vesc_driver/build/lib/vesc_driver
copying vesc_driver/__init__.py -> /home/blake/vesc-ros2/build/vesc_driver/build/lib/vesc_driver
running install
running install_lib
creating /home/blake/vesc-ros2/install/vesc_driver/lib/python3.12/site-packages/vesc_driver
copying /home/blake/vesc-ros2/build/vesc_driver/build/lib/vesc_driver/vesc_skid_steer_node.py -> /home/blake/vesc-ros2/install/vesc_driver/lib/python3.12/site-packages/vesc_driver
copying /home/blake/vesc-ros2/build/vesc_driver/build/lib/vesc_driver/vesc_diff_drive_node.py -> /home/blake/vesc-ros2/install/vesc_driver/lib/python3.12/site-packages/vesc_driver
copying /home/blake/vesc-ros2/build/vesc_driver/build/lib/vesc_driver/vesc_motor_node.py -> /home/blake/vesc-ros2/install/vesc_driver/lib/python3.12/site-packages/vesc_driver
copying /home/blake/vesc-ros2/build/vesc_driver/build/lib/vesc_driver/__init__.py -> /home/blake/vesc-ros2/install/vesc_driver/lib/python3.12/site-packages/vesc_driver
byte-compiling /home/blake/vesc-ros2/install/vesc_driver/lib/python3.12/site-packages/vesc_driver/vesc_skid_steer_node.py to vesc_skid_steer_node.cpython-312.pyc
byte-compiling /home/blake/vesc-ros2/install/vesc_driver/lib/python3.12/site-packages/vesc_driver/vesc_diff_drive_node.py to vesc_diff_drive_node.cpython-312.pyc
byte-compiling /home/blake/vesc-ros2/install/vesc_driver/lib/python3.12/site-packages/vesc_driver/vesc_motor_node.py to vesc_motor_node.cpython-312.pyc
byte-compiling /home/blake/vesc-ros2/install/vesc_driver/lib/python3.12/site-packages/vesc_driver/__init__.py to __init__.cpython-312.pyc
running install_data
creating /home/blake/vesc-ros2/install/vesc_driver/share/ament_index
creating /home/blake/vesc-ros2/install/vesc_driver/share/ament_index/resource_index
creating /home/blake/vesc-ros2/install/vesc_driver/share/ament_index/resource_index/packages
copying resource/vesc_driver -> /home/blake/vesc-ros2/install/vesc_driver/share/ament_index/resource_index/packages
copying package.xml -> /home/blake/vesc-ros2/install/vesc_driver/share/vesc_driver
creating /home/blake/vesc-ros2/install/vesc_driver/share/vesc_driver/launch
