[2.474s] Invoking command in '/home/blake/vesc-ros2/src/vesc_driver': DEBUGINFOD_URLS=https://debuginfod.ubuntu.com PYTHONPATH=/home/blake/vesc-ros2/build/vesc_driver/prefix_override:/usr/lib/python3/dist-packages/colcon_core/task/python/colcon_distutils_commands:/home/blake/vesc-ros2/install/vesc_driver/lib/python3.12/site-packages:${PYTHONPATH} /usr/bin/python3 -W ignore:setup.py install is deprecated -W ignore:easy_install command is deprecated setup.py egg_info --egg-base ../../build/vesc_driver build --build-base /home/blake/vesc-ros2/build/vesc_driver/build install --record /home/blake/vesc-ros2/build/vesc_driver/install.log --single-version-externally-managed install_data
[2.875s] running egg_info
[2.875s] creating ../../build/vesc_driver/vesc_driver.egg-info
[2.907s] writing ../../build/vesc_driver/vesc_driver.egg-info/PKG-INFO
[2.907s] writing dependency_links to ../../build/vesc_driver/vesc_driver.egg-info/dependency_links.txt
[2.907s] writing entry points to ../../build/vesc_driver/vesc_driver.egg-info/entry_points.txt
[2.907s] writing requirements to ../../build/vesc_driver/vesc_driver.egg-info/requires.txt
[2.907s] writing top-level names to ../../build/vesc_driver/vesc_driver.egg-info/top_level.txt
[2.908s] writing manifest file '../../build/vesc_driver/vesc_driver.egg-info/SOURCES.txt'
[2.971s] reading manifest file '../../build/vesc_driver/vesc_driver.egg-info/SOURCES.txt'
[2.972s] writing manifest file '../../build/vesc_driver/vesc_driver.egg-info/SOURCES.txt'
[2.972s] running build
[2.972s] running build_py
[2.972s] creating /home/blake/vesc-ros2/build/vesc_driver/build
[2.972s] creating /home/blake/vesc-ros2/build/vesc_driver/build/lib
[2.973s] creating /home/blake/vesc-ros2/build/vesc_driver/build/lib/vesc_driver
[2.973s] copying vesc_driver/vesc_skid_steer_node.py -> /home/blake/vesc-ros2/build/vesc_driver/build/lib/vesc_driver
[2.973s] copying vesc_driver/vesc_diff_drive_node.py -> /home/blake/vesc-ros2/build/vesc_driver/build/lib/vesc_driver
[2.973s] copying vesc_driver/vesc_motor_node.py -> /home/blake/vesc-ros2/build/vesc_driver/build/lib/vesc_driver
[2.973s] copying vesc_driver/__init__.py -> /home/blake/vesc-ros2/build/vesc_driver/build/lib/vesc_driver
[2.974s] running install
[2.985s] running install_lib
[3.018s] creating /home/blake/vesc-ros2/install/vesc_driver/lib/python3.12/site-packages/vesc_driver
[3.018s] copying /home/blake/vesc-ros2/build/vesc_driver/build/lib/vesc_driver/vesc_skid_steer_node.py -> /home/blake/vesc-ros2/install/vesc_driver/lib/python3.12/site-packages/vesc_driver
[3.018s] copying /home/blake/vesc-ros2/build/vesc_driver/build/lib/vesc_driver/vesc_diff_drive_node.py -> /home/blake/vesc-ros2/install/vesc_driver/lib/python3.12/site-packages/vesc_driver
[3.018s] copying /home/blake/vesc-ros2/build/vesc_driver/build/lib/vesc_driver/vesc_motor_node.py -> /home/blake/vesc-ros2/install/vesc_driver/lib/python3.12/site-packages/vesc_driver
[3.018s] copying /home/blake/vesc-ros2/build/vesc_driver/build/lib/vesc_driver/__init__.py -> /home/blake/vesc-ros2/install/vesc_driver/lib/python3.12/site-packages/vesc_driver
[3.019s] byte-compiling /home/blake/vesc-ros2/install/vesc_driver/lib/python3.12/site-packages/vesc_driver/vesc_skid_steer_node.py to vesc_skid_steer_node.cpython-312.pyc
[3.022s] byte-compiling /home/blake/vesc-ros2/install/vesc_driver/lib/python3.12/site-packages/vesc_driver/vesc_diff_drive_node.py to vesc_diff_drive_node.cpython-312.pyc
[3.024s] byte-compiling /home/blake/vesc-ros2/install/vesc_driver/lib/python3.12/site-packages/vesc_driver/vesc_motor_node.py to vesc_motor_node.cpython-312.pyc
[3.028s] byte-compiling /home/blake/vesc-ros2/install/vesc_driver/lib/python3.12/site-packages/vesc_driver/__init__.py to __init__.cpython-312.pyc
[3.028s] running install_data
[3.028s] creating /home/blake/vesc-ros2/install/vesc_driver/share/ament_index
[3.028s] creating /home/blake/vesc-ros2/install/vesc_driver/share/ament_index/resource_index
[3.029s] creating /home/blake/vesc-ros2/install/vesc_driver/share/ament_index/resource_index/packages
[3.029s] copying resource/vesc_driver -> /home/blake/vesc-ros2/install/vesc_driver/share/ament_index/resource_index/packages
[3.029s] copying package.xml -> /home/blake/vesc-ros2/install/vesc_driver/share/vesc_driver
[3.029s] creating /home/blake/vesc-ros2/install/vesc_driver/share/vesc_driver/launch
[3.029s] error: can't copy 'launch/*.launch.py': doesn't exist or not a regular file
[3.060s] Invoked command in '/home/blake/vesc-ros2/src/vesc_driver' returned '1': DEBUGINFOD_URLS=https://debuginfod.ubuntu.com PYTHONPATH=/home/blake/vesc-ros2/build/vesc_driver/prefix_override:/usr/lib/python3/dist-packages/colcon_core/task/python/colcon_distutils_commands:/home/blake/vesc-ros2/install/vesc_driver/lib/python3.12/site-packages:${PYTHONPATH} /usr/bin/python3 -W ignore:setup.py install is deprecated -W ignore:easy_install command is deprecated setup.py egg_info --egg-base ../../build/vesc_driver build --build-base /home/blake/vesc-ros2/build/vesc_driver/build install --record /home/blake/vesc-ros2/build/vesc_driver/install.log --single-version-externally-managed install_data
