/home/blake/vesc-ros2/install/vesc_driver/lib/python3.12/site-packages/vesc_driver/vesc_skid_steer_node.py
/home/blake/vesc-ros2/install/vesc_driver/lib/python3.12/site-packages/vesc_driver/vesc_diff_drive_node.py
/home/blake/vesc-ros2/install/vesc_driver/lib/python3.12/site-packages/vesc_driver/vesc_motor_node.py
/home/blake/vesc-ros2/install/vesc_driver/lib/python3.12/site-packages/vesc_driver/__init__.py
/home/blake/vesc-ros2/install/vesc_driver/lib/python3.12/site-packages/vesc_driver/__pycache__/vesc_skid_steer_node.cpython-312.pyc
/home/blake/vesc-ros2/install/vesc_driver/lib/python3.12/site-packages/vesc_driver/__pycache__/vesc_diff_drive_node.cpython-312.pyc
/home/blake/vesc-ros2/install/vesc_driver/lib/python3.12/site-packages/vesc_driver/__pycache__/vesc_motor_node.cpython-312.pyc
/home/blake/vesc-ros2/install/vesc_driver/lib/python3.12/site-packages/vesc_driver/__pycache__/__init__.cpython-312.pyc
/home/blake/vesc-ros2/install/vesc_driver/share/ament_index/resource_index/packages/vesc_driver
/home/blake/vesc-ros2/install/vesc_driver/share/vesc_driver/package.xml
/home/blake/vesc-ros2/install/vesc_driver/share/vesc_driver/launch/diff_drive_rover.launch.py
/home/blake/vesc-ros2/install/vesc_driver/share/vesc_driver/launch/four_motor_rover.launch.py
/home/blake/vesc-ros2/install/vesc_driver/share/vesc_driver/launch/nav2_skid_steer.launch.py
/home/blake/vesc-ros2/install/vesc_driver/share/vesc_driver/config/motor_params.yaml
/home/blake/vesc-ros2/install/vesc_driver/share/vesc_driver/config/four_motor_config.yaml
/home/blake/vesc-ros2/install/vesc_driver/share/vesc_driver/config/nav2_skid_steer.yaml
/home/blake/vesc-ros2/install/vesc_driver/lib/python3.12/site-packages/vesc_driver-0.0.0-py3.12.egg-info/PKG-INFO
/home/blake/vesc-ros2/install/vesc_driver/lib/python3.12/site-packages/vesc_driver-0.0.0-py3.12.egg-info/top_level.txt
/home/blake/vesc-ros2/install/vesc_driver/lib/python3.12/site-packages/vesc_driver-0.0.0-py3.12.egg-info/entry_points.txt
/home/blake/vesc-ros2/install/vesc_driver/lib/python3.12/site-packages/vesc_driver-0.0.0-py3.12.egg-info/dependency_links.txt
/home/blake/vesc-ros2/install/vesc_driver/lib/python3.12/site-packages/vesc_driver-0.0.0-py3.12.egg-info/zip-safe
/home/blake/vesc-ros2/install/vesc_driver/lib/python3.12/site-packages/vesc_driver-0.0.0-py3.12.egg-info/requires.txt
/home/blake/vesc-ros2/install/vesc_driver/lib/python3.12/site-packages/vesc_driver-0.0.0-py3.12.egg-info/SOURCES.txt
/home/blake/vesc-ros2/install/vesc_driver/lib/vesc_driver/vesc_diff_drive_node
/home/blake/vesc-ros2/install/vesc_driver/lib/vesc_driver/vesc_motor_node
/home/blake/vesc-ros2/install/vesc_driver/lib/vesc_driver/vesc_skid_steer_node
